  chess.cpp
C:\Users\Artur\Desktop\C++_Project\Доделанная\Chess-main\C++ (Windows forms)\Chess\Chess\chess.cpp(22,23): warning C4018: <: несоответствие типов со знаком и без знака
C:\Users\Artur\Desktop\C++_Project\Доделанная\Chess-main\C++ (Windows forms)\Chess\Chess\chess.cpp(35,15): warning C4244: аргумент: преобразование "time_t" в "unsigned int", возможна потеря данных
C:\Users\Artur\Desktop\C++_Project\Доделанная\Chess-main\C++ (Windows forms)\Chess\Chess\chess.cpp(49,15): warning C4244: аргумент: преобразование "time_t" в "unsigned int", возможна потеря данных
C:\Users\Artur\Desktop\C++_Project\Доделанная\Chess-main\C++ (Windows forms)\Chess\Chess\chess.cpp(63,15): warning C4244: аргумент: преобразование "time_t" в "unsigned int", возможна потеря данных
C:\Users\Artur\Desktop\C++_Project\Доделанная\Chess-main\C++ (Windows forms)\Chess\Chess\chess.cpp(82,19): warning C4244: аргумент: преобразование "time_t" в "unsigned int", возможна потеря данных
C:\Users\Artur\Desktop\C++_Project\Доделанная\Chess-main\C++ (Windows forms)\Chess\Chess\chess.cpp(613,46): warning C4018: >: несоответствие типов со знаком и без знака
C:\Users\Artur\Desktop\C++_Project\Доделанная\Chess-main\C++ (Windows forms)\Chess\Chess\chess.cpp(790,23): warning C4018: <: несоответствие типов со знаком и без знака
  complex.cpp
C:\Users\Artur\Desktop\C++_Project\Доделанная\Chess-main\C++ (Windows forms)\Chess\Chess\complex.cpp(102,23): warning C4018: <: несоответствие типов со знаком и без знака
  Main.cpp
C:\Users\Artur\Desktop\C++_Project\Доделанная\Chess-main\C++ (Windows forms)\Chess\Chess\Main.h(17,35): warning C4677: context: сигнатура члена, не являющегося частным, содержит частный тип сборки "msclr::interop::marshal_context"
C:\Program Files\Microsoft Visual Studio\2022\Community\VC\Tools\MSVC\14.35.32215\include\msclr\marshal.h(339,11): message : см. объявление "msclr::interop::marshal_context"
C:\Users\Artur\Desktop\C++_Project\Доделанная\Chess-main\C++ (Windows forms)\Chess\Chess\Main.h(37,14): warning C4244: аргумент: преобразование "time_t" в "unsigned int", возможна потеря данных
  matrix.cpp
  neuralNetwork.cpp
C:\Users\Artur\Desktop\C++_Project\Доделанная\Chess-main\C++ (Windows forms)\Chess\Chess\neuralNetwork.cpp(26,23): warning C4018: <: несоответствие типов со знаком и без знака
C:\Users\Artur\Desktop\C++_Project\Доделанная\Chess-main\C++ (Windows forms)\Chess\Chess\neuralNetwork.cpp(118,26): warning C4018: <: несоответствие типов со знаком и без знака
C:\Users\Artur\Desktop\C++_Project\Доделанная\Chess-main\C++ (Windows forms)\Chess\Chess\neuralNetwork.cpp(125,26): warning C4018: <: несоответствие типов со знаком и без знака
C:\Users\Artur\Desktop\C++_Project\Доделанная\Chess-main\C++ (Windows forms)\Chess\Chess\neuralNetwork.cpp(149,26): warning C4018: <: несоответствие типов со знаком и без знака
C:\Users\Artur\Desktop\C++_Project\Доделанная\Chess-main\C++ (Windows forms)\Chess\Chess\neuralNetwork.cpp(153,26): warning C4018: <: несоответствие типов со знаком и без знака
  play.cpp
  .NETFramework,Version=v4.7.2.AssemblyAttributes.cpp
  Создание кода...
C:\Users\Artur\Desktop\C++_Project\Доделанная\Chess-main\C++ (Windows forms)\Chess\Chess\chess.cpp(779): warning C4715: chess::doStepAI: значение возвращается не при всех путях выполнения
  chess.obj : обнаружен модуль MSIL; для MSIL последовательная компоновка отключена; выполняется полная компоновка
  Chess.vcxproj -> C:\Users\Artur\Desktop\C++_Project\Доделанная\Chess-main\C++ (Windows forms)\Chess\Debug\Chess.exe
